<?xml version="1.0" encoding="UTF-8"?>
<!-- Generated by org.testng.reporters.JUnitXMLReporter -->
<testsuite ignored="3" hostname="DESKTOP-ASV0EV8" failures="0" tests="2" name="Test" time="54.022" errors="0" timestamp="2021-09-23T10:51:30 IST">
  <testcase classname="com.crm.SeleniumProject_Maven.Script.TC_01_CreateOrganizationTest" name="CreateOrganization" time="13.357"/>
  <testcase classname="com.crm.SeleniumProject_Maven.Script.TC_02_CreateOrganizationTest" name="CreateOrganization" time="12.654"/>
  <testcase classname="com.crm.SeleniumProject_Maven.Script.TC_01_CreateOrganizationTest" name="CreateOrgInd" time="0.0">
    <ignored/>
  </testcase> <!-- CreateOrgInd -->
  <testcase classname="com.crm.SeleniumProject_Maven.GenericsLib.BaseClass" name="@BeforeSuite CoonectDB" time="0.0">
    <ignored/>
  </testcase> <!-- @BeforeSuite CoonectDB -->
  <testcase classname="com.crm.SeleniumProject_Maven.GenericsLib.BaseClass" name="@AfterSuite closeDB" time="0.0">
    <ignored/>
  </testcase> <!-- @AfterSuite closeDB -->
</testsuite> <!-- Test -->
